0 info it worked if it ends with ok
1 verbose cli [ 'node', '/usr/local/bin/npm', 'i', 'cordova-sqlite-storage' ]
2 info using npm@2.11.3
3 info using node@v0.12.7
4 verbose install initial load of /Users/imac/Documents/myApp/package.json
5 warn package.json myapp@1.0.0 No repository field.
6 warn package.json myapp@1.0.0 No README data
7 warn package.json myapp@1.0.0 No license field.
8 verbose readDependencies loading dependencies from /Users/imac/Documents/myApp/package.json
9 silly cache add args [ 'cordova-sqlite-storage', null ]
10 verbose cache add spec cordova-sqlite-storage
11 silly cache add parsed spec { raw: 'cordova-sqlite-storage',
11 silly cache add   scope: null,
11 silly cache add   name: 'cordova-sqlite-storage',
11 silly cache add   rawSpec: '',
11 silly cache add   spec: '*',
11 silly cache add   type: 'range' }
12 silly addNamed cordova-sqlite-storage@*
13 verbose addNamed "*" is a valid semver range for cordova-sqlite-storage
14 silly addNameRange { name: 'cordova-sqlite-storage', range: '*', hasData: false }
15 silly mapToRegistry name cordova-sqlite-storage
16 silly mapToRegistry using default registry
17 silly mapToRegistry registry https://registry.npmjs.org/
18 silly mapToRegistry uri https://registry.npmjs.org/cordova-sqlite-storage
19 verbose addNameRange registry:https://registry.npmjs.org/cordova-sqlite-storage not in flight; fetching
20 verbose request uri https://registry.npmjs.org/cordova-sqlite-storage
21 verbose request no auth needed
22 info attempt registry request try #1 at 8:46:19 AM
23 verbose request id 0229a3b8823f7829
24 http request GET https://registry.npmjs.org/cordova-sqlite-storage
25 http 200 https://registry.npmjs.org/cordova-sqlite-storage
26 silly get cb [ 200,
26 silly get   { server: 'CouchDB/1.5.0 (Erlang OTP/R16B03)',
26 silly get     etag: '"50GBUBH94QRWLR8A8Y291P240"',
26 silly get     'content-type': 'application/json',
26 silly get     'cache-control': 'max-age=60',
26 silly get     'content-length': '41562',
26 silly get     'accept-ranges': 'bytes',
26 silly get     date: 'Fri, 24 Jul 2015 00:46:20 GMT',
26 silly get     via: '1.1 varnish',
26 silly get     age: '0',
26 silly get     connection: 'keep-alive',
26 silly get     'x-served-by': 'cache-sin6920-SIN',
26 silly get     'x-cache': 'MISS',
26 silly get     'x-cache-hits': '0',
26 silly get     'x-timer': 'S1437698779.491631,VS0,VE1062',
26 silly get     vary: 'Accept' } ]
27 verbose get saving cordova-sqlite-storage to /Users/imac/.npm/registry.npmjs.org/cordova-sqlite-storage/.cache.json
28 silly addNameRange number 2 { name: 'cordova-sqlite-storage', range: '*', hasData: true }
29 silly addNameRange versions [ 'cordova-sqlite-storage', [ '0.7.8', '0.7.9' ] ]
30 silly addNamed cordova-sqlite-storage@0.7.9
31 verbose addNamed "0.7.9" is a plain semver version for cordova-sqlite-storage
32 silly mapToRegistry name cordova-sqlite-storage
33 silly mapToRegistry using default registry
34 silly mapToRegistry registry https://registry.npmjs.org/
35 silly mapToRegistry uri https://registry.npmjs.org/cordova-sqlite-storage
36 verbose addRemoteTarball https://registry.npmjs.org/cordova-sqlite-storage/-/cordova-sqlite-storage-0.7.9.tgz not in flight; adding
37 verbose addRemoteTarball [ 'https://registry.npmjs.org/cordova-sqlite-storage/-/cordova-sqlite-storage-0.7.9.tgz',
37 verbose addRemoteTarball   'd227cceba0a27a85c40c3aeeee244460a3c58612' ]
38 info retry fetch attempt 1 at 8:46:20 AM
39 info attempt registry request try #1 at 8:46:20 AM
40 http fetch GET https://registry.npmjs.org/cordova-sqlite-storage/-/cordova-sqlite-storage-0.7.9.tgz
41 http fetch 200 https://registry.npmjs.org/cordova-sqlite-storage/-/cordova-sqlite-storage-0.7.9.tgz
42 silly fetchAndShaCheck shasum d227cceba0a27a85c40c3aeeee244460a3c58612
43 verbose addTmpTarball /var/folders/n6/2l1qqngx1z95r3hwycyftcxw0000gn/T/npm-1025-4770af24/registry.npmjs.org/cordova-sqlite-storage/-/cordova-sqlite-storage-0.7.9.tgz not in flight; adding
44 verbose addTmpTarball already have metadata; skipping unpack for cordova-sqlite-storage@0.7.9
45 silly cache afterAdd cordova-sqlite-storage@0.7.9
46 verbose afterAdd /Users/imac/.npm/cordova-sqlite-storage/0.7.9/package/package.json not in flight; writing
47 verbose afterAdd /Users/imac/.npm/cordova-sqlite-storage/0.7.9/package/package.json written
48 silly install resolved [ { name: 'cordova-sqlite-storage',
48 silly install resolved     version: '0.7.9',
48 silly install resolved     description: 'Native interface to SQLite for PhoneGap/Cordova',
48 silly install resolved     cordova: { id: 'cordova-sqlite-storage', platforms: [Object] },
48 silly install resolved     repository:
48 silly install resolved      { type: 'git',
48 silly install resolved        url: 'https://github.com/litehelpers/Cordova-sqlite-storage.git' },
48 silly install resolved     keywords:
48 silly install resolved      [ 'sqlite',
48 silly install resolved        'ecosystem:cordova',
48 silly install resolved        'cordova-android',
48 silly install resolved        'cordova-ios',
48 silly install resolved        'cordova-windows',
48 silly install resolved        'cordova-wp8',
48 silly install resolved        'cordova-wp7',
48 silly install resolved        'cordova-amazon-fireos' ],
48 silly install resolved     engines: [ [Object] ],
48 silly install resolved     author: { name: 'various' },
48 silly install resolved     license: 'MIT',
48 silly install resolved     bugs: { url: 'https://github.com/litehelpers/Cordova-sqlite-storage/issues' },
48 silly install resolved     homepage: 'https://github.com/litehelpers/Cordova-sqlite-storage',
48 silly install resolved     gitHead: 'ac0e5c84693282a2099fbf9bc9c26cb9cd1f6f91',
48 silly install resolved     _id: 'cordova-sqlite-storage@0.7.9',
48 silly install resolved     scripts: {},
48 silly install resolved     _shasum: 'd227cceba0a27a85c40c3aeeee244460a3c58612',
48 silly install resolved     _from: 'cordova-sqlite-storage@*',
48 silly install resolved     _npmVersion: '1.4.28',
48 silly install resolved     _npmUser: { name: 'brodybits', email: 'brodybits@litehelpers.net' },
48 silly install resolved     maintainers: [ [Object] ],
48 silly install resolved     dist:
48 silly install resolved      { shasum: 'd227cceba0a27a85c40c3aeeee244460a3c58612',
48 silly install resolved        tarball: 'http://registry.npmjs.org/cordova-sqlite-storage/-/cordova-sqlite-storage-0.7.9.tgz' },
48 silly install resolved     directories: {},
48 silly install resolved     _resolved: 'https://registry.npmjs.org/cordova-sqlite-storage/-/cordova-sqlite-storage-0.7.9.tgz' } ]
49 info install cordova-sqlite-storage@0.7.9 into /Users/imac/Documents/myApp
50 info installOne cordova-sqlite-storage@0.7.9
51 verbose installOne of cordova-sqlite-storage to /Users/imac/Documents/myApp not in flight; installing
52 warn locking Error: EACCES, open '/Users/imac/.npm/_locks/cordova-sqlite-storage-beaeb096b3a1068b.lock'
52 warn locking     at Error (native)
52 warn locking  /Users/imac/.npm/_locks/cordova-sqlite-storage-beaeb096b3a1068b.lock failed { [Error: EACCES, open '/Users/imac/.npm/_locks/cordova-sqlite-storage-beaeb096b3a1068b.lock']
52 warn locking   errno: -13,
52 warn locking   code: 'EACCES',
52 warn locking   path: '/Users/imac/.npm/_locks/cordova-sqlite-storage-beaeb096b3a1068b.lock' }
53 verbose stack Error: Attempt to unlock /Users/imac/Documents/myApp/node_modules/cordova-sqlite-storage, which hasn't been locked
53 verbose stack     at unlock (/usr/local/lib/node_modules/npm/lib/utils/locker.js:66:11)
53 verbose stack     at cb (/usr/local/lib/node_modules/npm/lib/install.js:1017:5)
53 verbose stack     at /usr/local/lib/node_modules/npm/lib/install.js:1021:20
53 verbose stack     at /usr/local/lib/node_modules/npm/lib/utils/locker.js:40:9
53 verbose stack     at cb (/usr/local/lib/node_modules/npm/node_modules/lockfile/lockfile.js:149:38)
53 verbose stack     at /usr/local/lib/node_modules/npm/node_modules/lockfile/lockfile.js:177:38
53 verbose stack     at FSReqWrap.oncomplete (fs.js:95:15)
54 verbose cwd /Users/imac/Documents/myApp
55 error Darwin 14.4.0
56 error argv "node" "/usr/local/bin/npm" "i" "cordova-sqlite-storage"
57 error node v0.12.7
58 error npm  v2.11.3
59 error Attempt to unlock /Users/imac/Documents/myApp/node_modules/cordova-sqlite-storage, which hasn't been locked
60 error If you need help, you may report this error at:
60 error     <https://github.com/npm/npm/issues>
61 verbose exit [ 1, true ]
